
2015-12-16 12:23:9 ---------------------------------------------------

12:23:11 test
12:23:12 tamer
12:23:14 lapute
12:23:15 juive

2015-12-16 12:23:30 ---------------------------------------------------

12:23:35 ls
12:23:36 pls
12:23:41 ols

2015-12-16 13:45:14 ---------------------------------------------------

13:45:16 ls
13:45:18 pwe
13:45:19 pwd
13:45:23 cd
13:45:25 ls
13:45:27 pwd

2015-12-17 11:6:9 ---------------------------------------------------

11:6:10 ls
11:6:12 hanoi
11:6:14 mdr
11:6:15 fdp
11:6:17 pwd

2015-12-17 11:7:3 ---------------------------------------------------

11:7:3 ls
11:7:5 hanoi

2015-12-17 11:7:38 ---------------------------------------------------

11:7:39 hanoi

2015-12-17 11:7:43 ---------------------------------------------------

11:7:47 ls
11:7:48 hanoi

2015-12-17 11:7:53 ---------------------------------------------------

11:7:55 10
11:7:57 hanoi

2015-12-17 11:8:14 ---------------------------------------------------

11:8:16 hanoi

2015-12-17 11:10:37 ---------------------------------------------------

11:10:38 ls
11:10:39 pwd
11:10:43 env
11:11:21 less score.txt
11:11:26 hanoi

2015-12-17 11:14:59 ---------------------------------------------------


2015-12-17 11:15:2 ---------------------------------------------------


2015-12-17 11:15:11 ---------------------------------------------------

11:15:3 hanoi

2015-12-17 11:15:15 ---------------------------------------------------

11:15:17 ls

2015-12-17 11:15:20 ---------------------------------------------------

11:15:22 
11:15:22 
11:15:25 
11:15:26 
11:15:28 
11:15:28 
11:15:29 
11:15:29 
11:15:29 
11:15:30 
11:15:30 
11:15:30 
11:15:31 
11:15:31 
11:15:31 
11:15:31 
11:15:31 
11:15:32 
11:15:32 
11:15:32 
11:15:32 
11:15:32 
11:15:32 
11:15:32 
11:15:32 
11:15:32 
11:15:32 
11:15:32 
11:15:32 
11:15:32 
11:15:32 
11:15:32 
11:15:32 
11:15:32 
11:15:32 
11:15:32 
11:15:32 
11:15:32 
11:15:33 
11:15:33 
11:15:33 
11:15:33 
11:15:33 
11:15:33 
11:15:33 
11:15:33 
11:15:33 
11:15:34 
11:15:34 
11:15:35 quit
11:15:36 exit
11:15:37 exit
11:15:38 exit
11:15:39 exit
11:16:4 
11:16:4 
11:16:5 
11:16:5 
11:16:5 
11:16:5 
11:16:5 
11:16:5 
11:16:5 
11:16:5 
11:16:5 
11:16:5 
11:16:5 
11:16:5 
11:16:5 
11:16:5 
11:16:5 
11:16:5 
11:16:5 
11:16:5 
11:16:6 
11:16:6 
11:16:6 
11:16:6 
11:16:6 
11:16:6 
11:16:6 
11:16:6 
11:16:6 
11:16:6 
11:16:6 
11:16:6 
11:16:6 
11:16:6 
11:16:6 
11:16:6 
11:16:6 
11:16:6 
11:16:6 
11:16:6 
11:16:6 
11:16:6 
11:16:6 
11:16:6 
11:16:6 
11:16:6 
11:16:6 
11:16:6 
11:16:6 
11:16:6 
11:16:6 
11:16:6 
11:16:7 
11:16:7 
11:16:7 
11:16:7 
11:16:7 
11:16:7 
11:16:8 

2015-12-17 11:17:24 ---------------------------------------------------

11:17:28 ls
11:17:29 pw
11:17:29 pwd
11:17:30 pwd
11:17:31 yes
11:17:34 ls
11:17:35 sl
11:17:40 exit
11:17:41 exit
11:17:42 exit
11:17:42 exit
11:17:43 exit

2015-12-17 11:17:46 ---------------------------------------------------

11:17:48 exit

2015-12-17 11:18:52 ---------------------------------------------------

11:18:53 ls

2015-12-17 11:18:57 ---------------------------------------------------

11:19:1 e
11:19:1 e
11:19:2 e
11:19:3 
11:19:4 exit
11:19:5 exit
11:19:5 exit
11:19:6 exit
11:19:6 exit
11:19:6 exit
11:19:6 exit
11:19:7 exit
11:19:7 exit
11:19:7 exit
11:19:7 exit
11:19:7 exit
11:19:7 exit
11:19:7 exit
11:19:7 exit
11:19:7 exit
11:19:7 exit
11:19:7 exit
11:19:7 exit
11:19:7 exit
11:19:8 exit
11:19:8 exit
11:19:8 exit
11:19:8 exit
11:19:8 exit
11:19:8 exit
11:19:8 exit
11:19:8 exit
11:19:8 exit
11:19:8 exit
11:19:8 exit
11:19:8 exit
11:19:8 exit
11:19:8 exit
11:19:8 exit
11:19:8 exit
11:19:8 exit
11:19:8 exit
11:19:8 exit
11:19:8 exit
11:19:8 exit
11:19:17 
11:19:18 
11:19:19 

2015-12-17 11:20:2 ---------------------------------------------------

11:20:4 hanoi

2015-12-17 11:21:49 ---------------------------------------------------

11:21:50 ls
11:21:51 pwd
11:21:52 hanoi

2015-12-17 11:22:24 ---------------------------------------------------

11:22:25 ls
11:22:27 exit

2015-12-17 11:22:30 ---------------------------------------------------


2015-12-17 11:22:39 ---------------------------------------------------


2015-12-17 11:22:42 ---------------------------------------------------


2015-12-17 11:22:46 ---------------------------------------------------


2015-12-17 11:25:14 ---------------------------------------------------


2015-12-17 11:25:17 ---------------------------------------------------

11:25:18 
11:25:18 
11:25:18 
11:25:18 ls

2015-12-17 11:28:39 ---------------------------------------------------

11:28:40 ls
11:28:41 pwd
11:28:45 tamerfdp

2015-12-17 11:29:23 ---------------------------------------------------

11:29:24 ls
11:29:25 pwd
11:29:27 tamer

2015-12-17 11:36:22 ---------------------------------------------------

11:36:23 ls

2015-12-17 11:36:28 ---------------------------------------------------

11:36:30 ls
11:36:31 pwd
